#
# There is insufficient memory for the Java Runtime Environment to continue.
# Native memory allocation (malloc) failed to allocate 32744 bytes for ChunkPool::allocate
# Possible reasons:
#   The system is out of physical RAM or swap space
#   In 32 bit mode, the process size limit was hit
# Possible solutions:
#   Reduce memory load on the system
#   Increase physical memory or swap space
#   Check if swap backing store is full
#   Use 64 bit Java on a 64 bit OS
#   Decrease Java heap size (-Xmx/-Xms)
#   Decrease number of Java threads
#   Decrease Java thread stack sizes (-Xss)
#   Set larger code cache with -XX:ReservedCodeCacheSize=
# This output file may be truncated or incomplete.
#
#  Out of Memory Error (allocation.cpp:273), pid=87204, tid=0x0000000000014f50
#
# JRE version: Java(TM) SE Runtime Environment (8.0_181-b13) (build 1.8.0_181-b13)
# Java VM: Java HotSpot(TM) 64-Bit Server VM (25.181-b13 mixed mode windows-amd64 compressed oops)
# Failed to write core dump. Minidumps are not enabled by default on client versions of Windows
#

---------------  T H R E A D  ---------------

Current thread (0x00000000193b8800):  JavaThread "C1 CompilerThread1" daemon [_thread_in_native, id=85840, stack(0x0000000019bd0000,0x0000000019cd0000)]

Stack: [0x0000000019bd0000,0x0000000019cd0000]
[error occurred during error reporting (printing stack bounds), id 0xc0000005]

Native frames: (J=compiled Java code, j=interpreted, Vv=VM code, C=native code)


Current CompileTask:
C1:  25245 3196       3       java.net.URLStreamHandler::parseURL (1193 bytes)


---------------  P R O C E S S  ---------------

Java Threads: ( => current thread )
  0x000000001ab76000 JavaThread "Okio Watchdog" daemon [_thread_blocked, id=84440, stack(0x000000001eb50000,0x000000001ec50000)]
  0x000000001a486000 JavaThread "OkHttp ConnectionPool" daemon [_thread_blocked, id=85952, stack(0x000000001ea50000,0x000000001eb50000)]
  0x000000001be09800 JavaThread "Exec Stream Pumper" daemon [_thread_in_native, id=81708, stack(0x000000001e350000,0x000000001e450000)]
  0x00000000194f7800 JavaThread "Exec Stream Pumper" daemon [_thread_in_native, id=86856, stack(0x000000001e250000,0x000000001e350000)]
  0x00000000194f8800 JavaThread "UrlChecker-2" daemon [_thread_blocked, id=87512, stack(0x000000001e050000,0x000000001e150000)]
  0x0000000019479800 JavaThread "Exec Default Executor" daemon [_thread_in_native, id=81004, stack(0x000000001df50000,0x000000001e050000)]
  0x00000000193f5800 JavaThread "Service Thread" daemon [_thread_blocked, id=86192, stack(0x0000000019cd0000,0x0000000019dd0000)]
=>0x00000000193b8800 JavaThread "C1 CompilerThread1" daemon [_thread_in_native, id=85840, stack(0x0000000019bd0000,0x0000000019cd0000)]
  0x0000000019357000 JavaThread "C2 CompilerThread0" daemon [_thread_in_vm, id=85004, stack(0x0000000019ad0000,0x0000000019bd0000)]
  0x0000000019355800 JavaThread "Attach Listener" daemon [_thread_blocked, id=86768, stack(0x00000000199d0000,0x0000000019ad0000)]
  0x0000000019338800 JavaThread "Signal Dispatcher" daemon [_thread_blocked, id=29440, stack(0x00000000198d0000,0x00000000199d0000)]
  0x0000000017e69800 JavaThread "Finalizer" daemon [_thread_blocked, id=86452, stack(0x0000000018ac0000,0x0000000018bc0000)]
  0x0000000017e68000 JavaThread "Reference Handler" daemon [_thread_blocked, id=84776, stack(0x00000000189c0000,0x0000000018ac0000)]
  0x0000000001189800 JavaThread "main" [_thread_in_native, id=86956, stack(0x00000000032d0000,0x00000000033d0000)]

Other Threads:
  0x0000000017e46800 VMThread [stack: 0x00000000188c0000,0x00000000189c0000] [id=44472]
  0x00000000193f9000 WatcherThread [stack: 0x0000000019ee0000,0x0000000019fe0000] [id=87600]

VM state:not at safepoint (normal execution)

VM Mutex/Monitor currently owned by a thread: None

Heap:
 PSYoungGen      total 202752K, used 24611K [0x00000000d5580000, 0x00000000e3780000, 0x0000000100000000)
  eden space 191488K, 6% used [0x00000000d5580000,0x00000000d6289730,0x00000000e1080000)
  from space 11264K, 99% used [0x00000000e1e00000,0x00000000e28ff738,0x00000000e2900000)
  to   space 13824K, 0% used [0x00000000e1080000,0x00000000e1080000,0x00000000e1e00000)
 ParOldGen       total 93184K, used 11238K [0x0000000080000000, 0x0000000085b00000, 0x00000000d5580000)
  object space 93184K, 12% used [0x0000000080000000,0x0000000080af9860,0x0000000085b00000)
 Metaspace       used 30455K, capacity 31384K, committed 31488K, reserved 1077248K
  class space    used 3594K, capacity 3839K, committed 3840K, reserved 1048576K

Card table byte_map: [0x0000000012860000,0x0000000012c70000] byte_map_base: 0x0000000012460000

Marking Bits: (ParMarkBitMap*) 0x000000006dac2d00
 Begin Bits: [0x0000000013120000, 0x0000000015120000)
 End Bits:   [0x0000000015120000, 0x0000000017120000)

Polling page: 0x0000000001500000

CodeCache: size=245760Kb used=12660Kb max_used=13469Kb free=233099Kb
 bounds [0x00000000034a0000, 0x00000000041f0000, 0x00000000124a0000]
 total_blobs=3611 nmethods=2925 adapters=598
 compilation: enabled

Compilation events (10 events):
Event: 25.230 Thread 0x00000000193b8800 nmethod 3191 0x000000000383c510 code [0x000000000383c680, 0x000000000383c9c8]
Event: 25.230 Thread 0x00000000193b8800 3192       3       java.nio.charset.CharsetDecoder::implOnUnmappableCharacter (1 bytes)
Event: 25.230 Thread 0x00000000193b8800 nmethod 3192 0x00000000036cd9d0 code [0x00000000036cdb20, 0x00000000036cdc70]
Event: 25.230 Thread 0x00000000193b8800 3193       3       java.util.Arrays::binarySearch0 (72 bytes)
Event: 25.231 Thread 0x00000000193b8800 nmethod 3193 0x000000000383bf90 code [0x000000000383c100, 0x000000000383c3b0]
Event: 25.237 Thread 0x00000000193b8800 3194       1       java.lang.invoke.InnerClassLambdaMetafactory::access$000 (5 bytes)
Event: 25.237 Thread 0x00000000193b8800 nmethod 3194 0x000000000385ad10 code [0x000000000385ae60, 0x000000000385af50]
Event: 25.237 Thread 0x00000000193b8800 3195       1       java.lang.invoke.InnerClassLambdaMetafactory::access$400 (5 bytes)
Event: 25.237 Thread 0x00000000193b8800 nmethod 3195 0x000000000385aa50 code [0x000000000385aba0, 0x000000000385ac90]
Event: 25.238 Thread 0x00000000193b8800 3196       3       java.net.URLStreamHandler::parseURL (1193 bytes)

GC Heap History (10 events):
Event: 9.067 GC heap before
{Heap before GC invocations=5 (full 0):
 PSYoungGen      total 76288K, used 24170K [0x00000000d5580000, 0x00000000dea80000, 0x0000000100000000)
  eden space 65536K, 21% used [0x00000000d5580000,0x00000000d636d3c0,0x00000000d9580000)
  from space 10752K, 92% used [0x00000000da000000,0x00000000da9ad5d8,0x00000000daa80000)
  to   space 10752K, 0% used [0x00000000d9580000,0x00000000d9580000,0x00000000da000000)
 ParOldGen       total 175104K, used 16K [0x0000000080000000, 0x000000008ab00000, 0x00000000d5580000)
  object space 175104K, 0% used [0x0000000080000000,0x0000000080004000,0x000000008ab00000)
 Metaspace       used 20841K, capacity 21142K, committed 21296K, reserved 1069056K
  class space    used 2325K, capacity 2429K, committed 2432K, reserved 1048576K
Event: 9.167 GC heap after
Heap after GC invocations=5 (full 0):
 PSYoungGen      total 76288K, used 8337K [0x00000000d5580000, 0x00000000dea80000, 0x0000000100000000)
  eden space 65536K, 0% used [0x00000000d5580000,0x00000000d5580000,0x00000000d9580000)
  from space 10752K, 77% used [0x00000000d9580000,0x00000000d9da4430,0x00000000da000000)
  to   space 10752K, 0% used [0x00000000de000000,0x00000000de000000,0x00000000dea80000)
 ParOldGen       total 175104K, used 16K [0x0000000080000000, 0x000000008ab00000, 0x00000000d5580000)
  object space 175104K, 0% used [0x0000000080000000,0x0000000080004000,0x000000008ab00000)
 Metaspace       used 20841K, capacity 21142K, committed 21296K, reserved 1069056K
  class space    used 2325K, capacity 2429K, committed 2432K, reserved 1048576K
}
Event: 9.167 GC heap before
{Heap before GC invocations=6 (full 1):
 PSYoungGen      total 76288K, used 8337K [0x00000000d5580000, 0x00000000dea80000, 0x0000000100000000)
  eden space 65536K, 0% used [0x00000000d5580000,0x00000000d5580000,0x00000000d9580000)
  from space 10752K, 77% used [0x00000000d9580000,0x00000000d9da4430,0x00000000da000000)
  to   space 10752K, 0% used [0x00000000de000000,0x00000000de000000,0x00000000dea80000)
 ParOldGen       total 175104K, used 16K [0x0000000080000000, 0x000000008ab00000, 0x00000000d5580000)
  object space 175104K, 0% used [0x0000000080000000,0x0000000080004000,0x000000008ab00000)
 Metaspace       used 20841K, capacity 21142K, committed 21296K, reserved 1069056K
  class space    used 2325K, capacity 2429K, committed 2432K, reserved 1048576K
Event: 9.318 GC heap after
Heap after GC invocations=6 (full 1):
 PSYoungGen      total 76288K, used 0K [0x00000000d5580000, 0x00000000dea80000, 0x0000000100000000)
  eden space 65536K, 0% used [0x00000000d5580000,0x00000000d5580000,0x00000000d9580000)
  from space 10752K, 0% used [0x00000000d9580000,0x00000000d9580000,0x00000000da000000)
  to   space 10752K, 0% used [0x00000000de000000,0x00000000de000000,0x00000000dea80000)
 ParOldGen       total 93184K, used 8237K [0x0000000080000000, 0x0000000085b00000, 0x00000000d5580000)
  object space 93184K, 8% used [0x0000000080000000,0x000000008080b488,0x0000000085b00000)
 Metaspace       used 20841K, capacity 21142K, committed 21296K, reserved 1069056K
  class space    used 2325K, capacity 2429K, committed 2432K, reserved 1048576K
}
Event: 10.594 GC heap before
{Heap before GC invocations=7 (full 1):
 PSYoungGen      total 76288K, used 65536K [0x00000000d5580000, 0x00000000dea80000, 0x0000000100000000)
  eden space 65536K, 100% used [0x00000000d5580000,0x00000000d9580000,0x00000000d9580000)
  from space 10752K, 0% used [0x00000000d9580000,0x00000000d9580000,0x00000000da000000)
  to   space 10752K, 0% used [0x00000000de000000,0x00000000de000000,0x00000000dea80000)
 ParOldGen       total 93184K, used 8237K [0x0000000080000000, 0x0000000085b00000, 0x00000000d5580000)
  object space 93184K, 8% used [0x0000000080000000,0x000000008080b488,0x0000000085b00000)
 Metaspace       used 21805K, capacity 22192K, committed 22448K, reserved 1069056K
  class space    used 2398K, capacity 2520K, committed 2560K, reserved 1048576K
Event: 10.660 GC heap after
Heap after GC invocations=7 (full 1):
 PSYoungGen      total 116224K, used 3059K [0x00000000d5580000, 0x00000000de300000, 0x0000000100000000)
  eden space 113152K, 0% used [0x00000000d5580000,0x00000000d5580000,0x00000000dc400000)
  from space 3072K, 99% used [0x00000000de000000,0x00000000de2fcee8,0x00000000de300000)
  to   space 11264K, 0% used [0x00000000dcd00000,0x00000000dcd00000,0x00000000dd800000)
 ParOldGen       total 93184K, used 8237K [0x0000000080000000, 0x0000000085b00000, 0x00000000d5580000)
  object space 93184K, 8% used [0x0000000080000000,0x000000008080b488,0x0000000085b00000)
 Metaspace       used 21805K, capacity 22192K, committed 22448K, reserved 1069056K
  class space    used 2398K, capacity 2520K, committed 2560K, reserved 1048576K
}
Event: 11.365 GC heap before
{Heap before GC invocations=8 (full 1):
 PSYoungGen      total 116224K, used 116211K [0x00000000d5580000, 0x00000000de300000, 0x0000000100000000)
  eden space 113152K, 100% used [0x00000000d5580000,0x00000000dc400000,0x00000000dc400000)
  from space 3072K, 99% used [0x00000000de000000,0x00000000de2fcee8,0x00000000de300000)
  to   space 11264K, 0% used [0x00000000dcd00000,0x00000000dcd00000,0x00000000dd800000)
 ParOldGen       total 93184K, used 8237K [0x0000000080000000, 0x0000000085b00000, 0x00000000d5580000)
  object space 93184K, 8% used [0x0000000080000000,0x000000008080b488,0x0000000085b00000)
 Metaspace       used 22250K, capacity 22640K, committed 22960K, reserved 1069056K
  class space    used 2418K, capacity 2520K, committed 2560K, reserved 1048576K
Event: 11.393 GC heap after
Heap after GC invocations=8 (full 1):
 PSYoungGen      total 133632K, used 5697K [0x00000000d5580000, 0x00000000e2900000, 0x0000000100000000)
  eden space 122368K, 0% used [0x00000000d5580000,0x00000000d5580000,0x00000000dcd00000)
  from space 11264K, 50% used [0x00000000dcd00000,0x00000000dd290728,0x00000000dd800000)
  to   space 11264K, 0% used [0x00000000e1e00000,0x00000000e1e00000,0x00000000e2900000)
 ParOldGen       total 93184K, used 8237K [0x0000000080000000, 0x0000000085b00000, 0x00000000d5580000)
  object space 93184K, 8% used [0x0000000080000000,0x000000008080b488,0x0000000085b00000)
 Metaspace       used 22250K, capacity 22640K, committed 22960K, reserved 1069056K
  class space    used 2418K, capacity 2520K, committed 2560K, reserved 1048576K
}
Event: 16.407 GC heap before
{Heap before GC invocations=9 (full 1):
 PSYoungGen      total 133632K, used 128065K [0x00000000d5580000, 0x00000000e2900000, 0x0000000100000000)
  eden space 122368K, 100% used [0x00000000d5580000,0x00000000dcd00000,0x00000000dcd00000)
  from space 11264K, 50% used [0x00000000dcd00000,0x00000000dd290728,0x00000000dd800000)
  to   space 11264K, 0% used [0x00000000e1e00000,0x00000000e1e00000,0x00000000e2900000)
 ParOldGen       total 93184K, used 8237K [0x0000000080000000, 0x0000000085b00000, 0x00000000d5580000)
  object space 93184K, 8% used [0x0000000080000000,0x000000008080b488,0x0000000085b00000)
 Metaspace       used 29312K, capacity 30188K, committed 30336K, reserved 1075200K
  class space    used 3450K, capacity 3683K, committed 3712K, reserved 1048576K
Event: 16.436 GC heap after
Heap after GC invocations=9 (full 1):
 PSYoungGen      total 202752K, used 11261K [0x00000000d5580000, 0x00000000e3780000, 0x0000000100000000)
  eden space 191488K, 0% used [0x00000000d5580000,0x00000000d5580000,0x00000000e1080000)
  from space 11264K, 99% used [0x00000000e1e00000,0x00000000e28ff738,0x00000000e2900000)
  to   space 13824K, 0% used [0x00000000e1080000,0x00000000e1080000,0x00000000e1e00000)
 ParOldGen       total 93184K, used 11238K [0x0000000080000000, 0x0000000085b00000, 0x00000000d5580000)
  object space 93184K, 12% used [0x0000000080000000,0x0000000080af9860,0x0000000085b00000)
 Metaspace       used 29312K, capacity 30188K, committed 30336K, reserved 1075200K
  class space    used 3450K, capacity 3683K, committed 3712K, reserved 1048576K
}

Deoptimization events (10 events):
Event: 16.453 Thread 0x0000000001189800 Uncommon trap: reason=unstable_if action=reinterpret pc=0x00000000035ce2a8 method=java.util.regex.Pattern$BmpCharProperty.match(Ljava/util/regex/Matcher;ILjava/lang/CharSequence;)Z @ 34
Event: 16.514 Thread 0x0000000001189800 Uncommon trap: reason=class_check action=maybe_recompile pc=0x0000000004007b08 method=java.util.HashSet.contains(Ljava/lang/Object;)Z @ 5
Event: 16.514 Thread 0x0000000001189800 Uncommon trap: reason=class_check action=maybe_recompile pc=0x0000000004007b08 method=java.util.HashSet.contains(Ljava/lang/Object;)Z @ 5
Event: 20.006 Thread 0x0000000001189800 Uncommon trap: reason=class_check action=maybe_recompile pc=0x00000000041c6038 method=org.openqa.selenium.json.Input.init()V @ 18
Event: 20.006 Thread 0x0000000001189800 Uncommon trap: reason=class_check action=maybe_recompile pc=0x00000000041c6038 method=org.openqa.selenium.json.Input.init()V @ 18
Event: 20.006 Thread 0x0000000001189800 Uncommon trap: reason=class_check action=maybe_recompile pc=0x00000000041c6038 method=org.openqa.selenium.json.Input.init()V @ 18
Event: 20.007 Thread 0x0000000001189800 Uncommon trap: reason=class_check action=maybe_recompile pc=0x00000000041c6038 method=org.openqa.selenium.json.Input.init()V @ 18
Event: 21.034 Thread 0x0000000001189800 Uncommon trap: reason=bimorphic action=maybe_recompile pc=0x0000000003accadc method=java.net.URL.<init>(Ljava/net/URL;Ljava/lang/String;Ljava/net/URLStreamHandler;)V @ 504
Event: 21.034 Thread 0x0000000001189800 Uncommon trap: reason=unstable_if action=reinterpret pc=0x00000000041b6a74 method=java.net.URLStreamHandler.parseURL(Ljava/net/URL;Ljava/lang/String;II)V @ 84
Event: 21.035 Thread 0x0000000001189800 Uncommon trap: reason=unstable_if action=reinterpret pc=0x0000000003737768 method=java.net.URL.set(Ljava/lang/String;Ljava/lang/String;ILjava/lang/String;Ljava/lang/String;Ljava/lang/String;Ljava/lang/String;Ljava/lang/String;)V @ 23

Classes redefined (0 events):
No events

Internal exceptions (10 events):
Event: 15.878 Thread 0x0000000001189800 Exception <a 'java/lang/IncompatibleClassChangeError': Found class java.lang.Object, but interface was expected> (0x00000000dbc65b78) thrown at [C:\re\workspace\8-2-build-windows-amd64-cygwin\jdk8u181\11358\hotspot\src\share\vm\interpreter\linkResolver.cp
Event: 15.885 Thread 0x0000000001189800 Exception <a 'java/lang/NoSuchMethodError': java.lang.Object.lambda$or$2(Ljava/util/function/Predicate;Ljava/lang/Object;)Z> (0x00000000dbc82fa8) thrown at [C:\re\workspace\8-2-build-windows-amd64-cygwin\jdk8u181\11358\hotspot\src\share\vm\interpreter\lin
Event: 16.029 Thread 0x0000000001189800 Exception <a 'java/lang/NoSuchMethodError': java.lang.Object.lambda$chars$0()Ljava/util/Spliterator$OfInt;> (0x00000000dc017ea8) thrown at [C:\re\workspace\8-2-build-windows-amd64-cygwin\jdk8u181\11358\hotspot\src\share\vm\interpreter\linkResolver.cpp, li
Event: 20.032 Thread 0x0000000001189800 Exception <a 'java/lang/NoSuchMethodError': java.lang.Object.lambda$getResponseFunction$0(Lorg/openqa/selenium/remote/InitialHandshakeResponse;)Lorg/openqa/selenium/remote/ProtocolHandshake$Result;> (0x00000000d5b0ef08) thrown at [C:\re\workspace\8-2-buil
Event: 20.434 Thread 0x0000000001189800 Exception <a 'java/net/SocketTimeoutException': Read timed out> (0x00000000d5f0a800) thrown at [C:\re\workspace\8-2-build-windows-amd64-cygwin\jdk8u181\11358\hotspot\src\share\vm\prims\jni.cpp, line 735]
Event: 20.655 Thread 0x0000000001189800 Exception <a 'java/net/SocketTimeoutException': Read timed out> (0x00000000d5f24aa8) thrown at [C:\re\workspace\8-2-build-windows-amd64-cygwin\jdk8u181\11358\hotspot\src\share\vm\prims\jni.cpp, line 735]
Event: 20.804 Thread 0x0000000001189800 Exception <a 'java/net/SocketTimeoutException': Read timed out> (0x00000000d5f67618) thrown at [C:\re\workspace\8-2-build-windows-amd64-cygwin\jdk8u181\11358\hotspot\src\share\vm\prims\jni.cpp, line 735]
Event: 20.969 Thread 0x0000000001189800 Exception <a 'java/net/SocketTimeoutException': Read timed out> (0x00000000d5f9b6a0) thrown at [C:\re\workspace\8-2-build-windows-amd64-cygwin\jdk8u181\11358\hotspot\src\share\vm\prims\jni.cpp, line 735]
Event: 21.028 Thread 0x0000000001189800 Exception <a 'java/net/SocketTimeoutException': Read timed out> (0x00000000d5fb1690) thrown at [C:\re\workspace\8-2-build-windows-amd64-cygwin\jdk8u181\11358\hotspot\src\share\vm\prims\jni.cpp, line 735]
Event: 21.041 Thread 0x0000000001189800 Exception <a 'java/net/SocketTimeoutException': Read timed out> (0x00000000d6005da8) thrown at [C:\re\workspace\8-2-build-windows-amd64-cygwin\jdk8u181\11358\hotspot\src\share\vm\prims\jni.cpp, line 735]

Events (10 events):
Event: 25.236 loading class java/util/stream/MatchOps$MatchKind
Event: 25.236 loading class java/util/stream/MatchOps$MatchKind done
Event: 25.236 loading class java/util/stream/MatchOps
Event: 25.237 loading class java/util/stream/MatchOps done
Event: 25.237 loading class java/util/stream/MatchOps$MatchOp
Event: 25.237 loading class java/util/stream/MatchOps$MatchOp done
Event: 25.237 loading class java/util/stream/MatchOps$BooleanTerminalSink
Event: 25.237 loading class java/util/stream/MatchOps$BooleanTerminalSink done
Event: 25.237 loading class java/util/stream/MatchOps$1MatchSink
Event: 25.238 loading class java/util/stream/MatchOps$1MatchSink done


Dynamic libraries:
0x00007ff79d430000 - 0x00007ff79d467000 	D:\Katalon_Studio\jre\bin\javaw.exe
0x0000000001280000 - 0x0000000001442000 	C:\Windows\SYSTEM32\ntd1l.dll
0x0000000001450000 - 0x00000000014fd000 	C:\Windows\system32\kern3l32.dll
0x00007fffa9380000 - 0x00007fffa9542000 	C:\Windows\SYSTEM32\ntdll.dll
0x00007fffa7be0000 - 0x00007fffa7c8d000 	C:\Windows\system32\KERNEL32.DLL
0x00007fffa6870000 - 0x00007fffa6a4d000 	C:\Windows\system32\KERNELBASE.dll
0x00007fffa5b20000 - 0x00007fffa5d1c000 	C:\Program Files\SentinelOne\Sentinel Agent 21.7.4.1043\InProcessClient64.dll
0x00007fffa6ef0000 - 0x00007fffa6f96000 	C:\Windows\system32\ADVAPI32.dll
0x00007fffa7840000 - 0x00007fffa78dd000 	C:\Windows\system32\msvcrt.dll
0x00007fffa75c0000 - 0x00007fffa761b000 	C:\Windows\system32\sechost.dll
0x00007fffa7c90000 - 0x00007fffa7db6000 	C:\Windows\system32\RPCRT4.dll
0x00007fffa78e0000 - 0x00007fffa7a2e000 	C:\Windows\system32\USER32.dll
0x00007fffa6a50000 - 0x00007fffa6bd5000 	C:\Windows\system32\GDI32.dll
0x00007fff987d0000 - 0x00007fff98a44000 	C:\Windows\WinSxS\amd64_microsoft.windows.common-controls_6595b64144ccf1df_6.0.10240.16384_none_f41f7b285750ef43\COMCTL32.dll
0x00007fffa5a30000 - 0x00007fffa5a3a000 	C:\Windows\SYSTEM32\VERSION.dll
0x00007fffa7620000 - 0x00007fffa7656000 	C:\Windows\system32\IMM32.DLL
0x00007fffa6d90000 - 0x00007fffa6eec000 	C:\Windows\system32\MSCTF.dll
0x000000006d1c0000 - 0x000000006d292000 	D:\Katalon_Studio\jre\bin\msvcr100.dll
0x000000006d2a0000 - 0x000000006db42000 	D:\Katalon_Studio\jre\bin\server\jvm.dll
0x00007fffa7830000 - 0x00007fffa7838000 	C:\Windows\system32\PSAPI.DLL
0x00007fff9e960000 - 0x00007fff9e969000 	C:\Windows\SYSTEM32\WSOCK32.dll
0x00000000030e0000 - 0x0000000003149000 	C:\Windows\system32\WS2_32.dll
0x00007fffa7420000 - 0x00007fffa7428000 	C:\Windows\system32\NSI.dll
0x00007fff9e830000 - 0x00007fff9e853000 	C:\Windows\SYSTEM32\WINMM.dll
0x00007fff9e5f0000 - 0x00007fff9e61c000 	C:\Windows\SYSTEM32\WINMMBASE.dll
0x00007fffa6080000 - 0x00007fffa60c4000 	C:\Windows\system32\cfgmgr32.dll
0x00007fffa4510000 - 0x00007fffa4537000 	C:\Windows\SYSTEM32\DEVOBJ.dll
0x000000006d1b0000 - 0x000000006d1bf000 	D:\Katalon_Studio\jre\bin\verify.dll
0x000000006d180000 - 0x000000006d1a9000 	D:\Katalon_Studio\jre\bin\java.dll
0x000000006d160000 - 0x000000006d176000 	D:\Katalon_Studio\jre\bin\zip.dll
0x00007fffa7e50000 - 0x00007fffa9375000 	C:\Windows\system32\SHELL32.dll
0x00007fffa6240000 - 0x00007fffa6868000 	C:\Windows\system32\windows.storage.dll
0x00007fffa6fa0000 - 0x00007fffa721c000 	C:\Windows\system32\combase.dll
0x00007fffa7560000 - 0x00007fffa75b1000 	C:\Windows\system32\shlwapi.dll
0x00007fffa5df0000 - 0x00007fffa5dff000 	C:\Windows\system32\kernel.appcore.dll
0x00007fffa60d0000 - 0x00007fffa6183000 	C:\Windows\system32\shcore.dll
0x00007fffa5e00000 - 0x00007fffa5e4a000 	C:\Windows\system32\powrprof.dll
0x00007fffa5db0000 - 0x00007fffa5dc3000 	C:\Windows\system32\profapi.dll
0x000000006d140000 - 0x000000006d15a000 	D:\Katalon_Studio\jre\bin\net.dll
0x00007fffa53b0000 - 0x00007fffa540d000 	C:\Windows\system32\mswsock.dll
0x000000006d120000 - 0x000000006d131000 	D:\Katalon_Studio\jre\bin\nio.dll
0x00007fffa51b0000 - 0x00007fffa5258000 	C:\Windows\SYSTEM32\DNSAPI.dll
0x00007fffa0b80000 - 0x00007fffa0b8a000 	C:\Windows\System32\rasadhlp.dll
0x00007fffa1d00000 - 0x00007fffa1d68000 	C:\Windows\System32\fwpuclnt.dll
0x00007fffa5a40000 - 0x00007fffa5a68000 	C:\Windows\SYSTEM32\bcrypt.dll
0x00007fffa5960000 - 0x00007fffa59cb000 	C:\Windows\SYSTEM32\bcryptPrimitives.dll
0x000000006d0f0000 - 0x000000006d114000 	D:\Katalon_Studio\jre\bin\sunec.dll
0x000000006d0d0000 - 0x000000006d0db000 	D:\Katalon_Studio\jre\bin\sunmscapi.dll
0x00007fffa5e50000 - 0x00007fffa6011000 	C:\Windows\system32\CRYPT32.dll
0x00007fffa5dd0000 - 0x00007fffa5de1000 	C:\Windows\system32\MSASN1.dll
0x00007fffa2b20000 - 0x00007fffa2b58000 	C:\Windows\SYSTEM32\IPHLPAPI.DLL
0x00007fffa2640000 - 0x00007fffa264b000 	C:\Windows\SYSTEM32\WINNSI.DLL
0x00007fffa18e0000 - 0x00007fffa18f6000 	C:\Windows\SYSTEM32\dhcpcsvc6.DLL
0x00007fffa18c0000 - 0x00007fffa18da000 	C:\Windows\SYSTEM32\dhcpcsvc.DLL
0x00007fffa5410000 - 0x00007fffa5427000 	C:\Windows\SYSTEM32\CRYPTSP.dll
0x00007fffa5060000 - 0x00007fffa5093000 	C:\Windows\system32\rsaenh.dll
0x00007fffa5150000 - 0x00007fffa516f000 	C:\Windows\SYSTEM32\USERENV.dll
0x00007fffa5580000 - 0x00007fffa558b000 	C:\Windows\SYSTEM32\CRYPTBASE.dll

VM Arguments:
jvm_args: -Dgroovy.home=C:\Users\lamhe/.groovy -Djava.system.class.loader=groovy.lang.GroovyClassLoader -Xmx2048m -Dfile.encoding=UTF-8 
java_command: org.codehaus.groovy.tools.GroovyStarter --classpath D:\Projet Test Auto\Mediabox Test Automation\bin\keyword;D:\Projet Test Auto\Mediabox Test Automation\Keywords;D:\Projet Test Auto\Mediabox Test Automation\bin\listener;D:\Projet Test Auto\Mediabox Test Automation\Test Listeners;D:\Projet Test Auto\Mediabox Test Automation\bin\lib;D:\Projet Test Auto\Mediabox Test Automation\Libs;D:\Projet Test Auto\Mediabox Test Automation\bin\groovy;D:\Projet Test Auto\Mediabox Test Automation\Include\scripts\groovy;D:\Katalon_Studio\plugins\com.kms.katalon.core_1.0.0.202204060445.jar;D:\Katalon_Studio\configuration\resources\lib\aalto-xml-1.0.0.jar;D:\Katalon_Studio\configuration\resources\lib\aspectjweaver-1.9.1.jar;D:\Katalon_Studio\configuration\resources\lib\bcpkix-jdk15on-1.64.jar;D:\Katalon_Studio\configuration\resources\lib\bcprov-jdk15on-1.64.jar;D:\Katalon_Studio\configuration\resources\lib\browsermob-core-2.1.5.jar;D:\Katalon_Studio\configuration\resources\lib\cglib-3.2.10.jar;D:\Katalon_Studio\configuration\resources\lib\commons-codec-1.10.jar;D:\Katalon_Studio\configuration\resources\lib\commons-collections4-4.1.jar;D:\Katalon_Studio\configuration\resources\lib\commons-validator-1.6.jar;D:\Katalon_Studio\configuration\resources\lib\curvesapi-1.04.jar;D:\Katalon_Studio\configuration\resources\lib\dnsjava-2.1.8.jar;D:\Katalon_Studio\configuration\resources\lib\java-client-7.0.0.jar;D:\Katalon_Studio\configuration\resources\lib\jna-4.1.0.jar;D:\Katalon_Studio\configuration\resources\lib\jna-platform-4.1.0.jar;D:\Katalon_Studio\configuration\resources\lib\jzlib-1.1.3.jar;D:\Katalon_Studio\configuration\resources\lib\kat-server.jar;D:\Katalon_Studio\configuration\resources\lib\littleproxy-1.1.0-beta-bmp-17.jar;D:\Katalon_Studio\configuration\resources\lib\log4j-1.2-api-2.17.1.jar;D:\Katalon_Studio\configuration\resources\lib\log4j-api-2.17.1.jar;D:\Katalon_Studio\configuration\resources\lib\log4j-core-2.17.1.jar;D:\Katalon_Studio\configuration\resources\li
java_class_path (initial): D:\Projet Test Auto\Mediabox Test Automation\bin\keyword;D:\Projet Test Auto\Mediabox Test Automation\bin\listener;D:\Projet Test Auto\Mediabox Test Automation\bin\lib;D:\Projet Test Auto\Mediabox Test Automation\bin\groovy;D:\Projet Test Auto\Mediabox Test Automation\bin;D:\Katalon_Studio\plugins\com.kms.katalon.core_1.0.0.202204060445.jar;D:\Katalon_Studio\configuration\resources\lib\aalto-xml-1.0.0.jar;D:\Katalon_Studio\configuration\resources\lib\aspectjweaver-1.9.1.jar;D:\Katalon_Studio\configuration\resources\lib\bcpkix-jdk15on-1.64.jar;D:\Katalon_Studio\configuration\resources\lib\bcprov-jdk15on-1.64.jar;D:\Katalon_Studio\configuration\resources\lib\browsermob-core-2.1.5.jar;D:\Katalon_Studio\configuration\resources\lib\cglib-3.2.10.jar;D:\Katalon_Studio\configuration\resources\lib\commons-codec-1.10.jar;D:\Katalon_Studio\configuration\resources\lib\commons-collections4-4.1.jar;D:\Katalon_Studio\configuration\resources\lib\commons-validator-1.6.jar;D:\Katalon_Studio\configuration\resources\lib\curvesapi-1.04.jar;D:\Katalon_Studio\configuration\resources\lib\dnsjava-2.1.8.jar;D:\Katalon_Studio\configuration\resources\lib\java-client-7.0.0.jar;D:\Katalon_Studio\configuration\resources\lib\jna-4.1.0.jar;D:\Katalon_Studio\configuration\resources\lib\jna-platform-4.1.0.jar;D:\Katalon_Studio\configuration\resources\lib\jzlib-1.1.3.jar;D:\Katalon_Studio\configuration\resources\lib\kat-server.jar;D:\Katalon_Studio\configuration\resources\lib\littleproxy-1.1.0-beta-bmp-17.jar;D:\Katalon_Studio\configuration\resources\lib\log4j-1.2-api-2.17.1.jar;D:\Katalon_Studio\configuration\resources\lib\log4j-api-2.17.1.jar;D:\Katalon_Studio\configuration\resources\lib\log4j-core-2.17.1.jar;D:\Katalon_Studio\configuration\resources\lib\mitm-2.1.5.jar;D:\Katalon_Studio\configuration\resources\lib\netty-all-4.1.70.Final.jar;D:\Katalon_Studio\configuration\resources\lib\poi-3.17.jar;D:\Katalon_Studio\configuration\resources\lib\poi-ooxml-3.17.jar;D:\Katal
Launcher Type: SUN_STANDARD

Environment Variables:
PATH=D:/Katalon_Studio/jre/bin/server;D:/Katalon_Studio/jre/bin;D:/Katalon_Studio/jre/lib/amd64;C:\Windows\system32;C:\Windows;C:\Windows\System32\Wbem;C:\Windows\System32\WindowsPowerShell\v1.0\;C:\Program Files\Git\cmd;D:\Katalon_Studio;
USERNAME=lamhe
OS=Windows_NT
PROCESSOR_IDENTIFIER=Intel64 Family 15 Model 6 Stepping 1, GenuineIntel



---------------  S Y S T E M  ---------------

OS: Windows 10.0 , 64 bit Build 10240 (10.0.10240.16384)

CPU:total 2 (initial active 2) (1 cores per cpu, 1 threads per core) family 15 model 6 stepping 1, cmov, cx8, fxsr, mmx, sse, sse2, sse3, ssse3, sse4.1, sse4.2, popcnt, avx, avx2, aes, clmul, erms, rtm, 3dnowpref, lzcnt, tsc, bmi1, bmi2, adx

Memory: 4k page, physical 16776664k(4663296k free), swap 29819604k(3652k free)

vm_info: Java HotSpot(TM) 64-Bit Server VM (25.181-b13) for windows-amd64 JRE (1.8.0_181-b13), built on Jul  7 2018 04:01:33 by "java_re" with MS VC++ 10.0 (VS2010)

time: Tue Jun 28 16:20:42 2022
elapsed time: 25 seconds (0d 0h 0m 25s)

